C51 COMPILER V9.01   MAIN                                                                  02/10/2017 22:08:21 PAGE 1   


C51 COMPILER V9.01, COMPILATION OF MODULE MAIN
OBJECT MODULE PLACED IN main.OBJ
COMPILER INVOKED BY: C:\Keil\C51\BIN\C51.EXE main.c BROWSE DEBUG OBJECTEXTEND

line level    source

   1          /*******************************************************************************
   2          * 实验名                           : 串口实验
   3          * 使用的IO           : P2
   4          * 实验效果       : 将接收到发送回电脑上面。
   5          *       注意                                     ：
   6          *******************************************************************************/
   7          
   8          #include <reg51.h>
   9          sbit led = P1^0 ;
  10          sbit start = P1^1;
  11          void UsartConfiguration();
  12          void delay() ;
  13          /*******************************************************************************
  14          * 函数名         : main
  15          * 函数功能                 : 主函数
  16          * 输入           : 无
  17          * 输出           : 无
  18          *******************************************************************************/
  19          
  20          void main()
  21          {
  22   1              int j=0 ;
  23   1              UsartConfiguration();
  24   1              while(1)
  25   1       {      
  26   2          if(start==1)
  27   2              delay();
  28   2              if(start==1) 
  29   2              {
  30   3              SBUF='Y';//将接收到的数据放入到发送寄存器
  31   3              while(!TI);                      //等待发送数据完成
  32   3              TI=0;
  33   3          }
  34   2                while(start==1&&j<500)
  35   2                {
  36   3                j++;
  37   3              delay();
  38   3                }
  39   2        
  40   2      
  41   2       }                                               //清除发送完成标志位
  42   1      }
  43          /*******************************************************************************
  44          * 函数名         :UsartConfiguration()
  45          * 函数功能                 :设置串口
  46          * 输入           : 无
  47          * 输出           : 无
  48          *******************************************************************************/
  49          
  50          void UsartConfiguration()
  51          {
  52   1              SCON=0X50;                      //设置为工作方式1
  53   1              TMOD=0X20;                      //设置计数器工作方式2
  54   1              PCON=0X80;                      //波特率加倍
  55   1              TH1=0XF3;                               //计数器初始值设置，注意波特率是4800的
C51 COMPILER V9.01   MAIN                                                                  02/10/2017 22:08:21 PAGE 2   

  56   1              TL1=0XF3;
  57   1              ES=1;                                           //打开接收中断
  58   1              EA=1;                                           //打开总中断
  59   1              TR1=1;                                  //打开计数器
  60   1      }
  61          
  62          /*******************************************************************************
  63          * 函数名         :Delay(unsigned int i)
  64          * 函数功能                 : 延时函数
  65          * 输入           : 无
  66          * 输出           : 无
  67          *******************************************************************************/
  68          void Usart() interrupt 4
  69          {
  70   1              unsigned char receiveData;
  71   1      
  72   1              receiveData=SBUF;//出去接收到的数据
  73   1              RI = 0;//清除接收中断标志位
  74   1              if(receiveData=='O')
  75   1              led =0;
  76   1      //      SBUF='O';//将接收到的数据放入到发送寄存器
  77   1      //      while(!TI);                      //等待发送数据完成
  78   1      //      TI=0;                                            //清除发送完成标志位
  79   1      }
  80          void delay()
  81          {
  82   1      int i;
  83   1      for(i=0;i<100;i++);
  84   1      }


MODULE INFORMATION:   STATIC OVERLAYABLE
   CODE SIZE        =    112    ----
   CONSTANT SIZE    =   ----    ----
   XDATA SIZE       =   ----    ----
   PDATA SIZE       =   ----    ----
   DATA SIZE        =   ----       2
   IDATA SIZE       =   ----    ----
   BIT SIZE         =   ----    ----
END OF MODULE INFORMATION.


C51 COMPILATION COMPLETE.  0 WARNING(S),  0 ERROR(S)
